<?xml version="1.0" encoding="UTF-8"?>
<!-- Generated by org.testng.reporters.JUnitReportReporter -->
<testsuite hostname="DESKTOP-88OBPND" failures="0" tests="1" name="register.TC_RF_004" time="11.133" errors="0" timestamp="2024-11-21T17:58:09 IST" skipped="0">
  <testcase classname="register.TC_RF_004" name="verifyRegisterAccountPagewithoutFillingMandatoryDetails" time="11.133"/>
</testsuite> <!-- register.TC_RF_004 -->
