<?xml version="1.0" encoding="UTF-8"?>
<!-- Generated by org.testng.reporters.JUnitReportReporter -->
<testsuite hostname="DESKTOP-88OBPND" failures="0" tests="1" name="register.TC_RF_012" time="19.939" errors="0" timestamp="2024-11-25T16:43:14 IST" skipped="0">
  <testcase classname="register.TC_RF_012" name="verifyRegisteringAnAccountUsingKeyboardKeys" time="19.939"/>
</testsuite> <!-- register.TC_RF_012 -->
