<?xml version="1.0" encoding="UTF-8"?>
<!-- Generated by org.testng.reporters.JUnitReportReporter -->
<testsuite hostname="DESKTOP-88OBPND" failures="0" tests="1" name="register.TC_RF_008" time="10.540" errors="0" timestamp="2024-11-24T17:22:00 IST" skipped="0">
  <testcase classname="register.TC_RF_008" name="verifyRegisteringAccounByProvidingMismatchPassword" time="10.540"/>
</testsuite> <!-- register.TC_RF_008 -->
