<?xml version="1.0" encoding="UTF-8"?>
<!-- Generated by org.testng.reporters.JUnitReportReporter -->
<testsuite hostname="DESKTOP-88OBPND" failures="0" tests="1" name="register.TC_RF_005" time="16.791" errors="0" timestamp="2024-11-21T22:32:44 IST" skipped="0">
  <testcase classname="register.TC_RF_005" name="verifyRegisteringAccountBySubscribingToNewsletter" time="16.791"/>
</testsuite> <!-- register.TC_RF_005 -->
