<?xml version="1.0" encoding="UTF-8"?>
<!-- Generated by org.testng.reporters.JUnitReportReporter -->
<testsuite hostname="DESKTOP-88OBPND" failures="0" tests="1" name="register.TC_RF_007" time="13.190" errors="0" timestamp="2024-11-23T15:20:03 IST" skipped="0">
  <testcase classname="register.TC_RF_007" name="differentWaysToNaviagteToRegsiterPage" time="13.190"/>
</testsuite> <!-- register.TC_RF_007 -->
