<?xml version="1.0" encoding="UTF-8"?>
<!-- Generated by org.testng.reporters.JUnitReportReporter -->
<testsuite hostname="DESKTOP-88OBPND" failures="0" tests="1" name="register.TC_RF_010" time="23.785" errors="0" timestamp="2024-11-24T18:34:02 IST" skipped="0">
  <testcase classname="register.TC_RF_010" name="registeringAnAccountWithInvalidEmailId" time="23.785"/>
</testsuite> <!-- register.TC_RF_010 -->
