<?xml version="1.0" encoding="UTF-8"?>
<!-- Generated by org.testng.reporters.JUnitReportReporter -->
<testsuite hostname="DESKTOP-88OBPND" failures="0" tests="1" name="register.TC_RF_003" time="9.244" errors="0" timestamp="2024-11-15T09:21:40 IST" skipped="0">
  <testcase classname="register.TC_RF_003" name="verifyRegisterAccountUsingAllFields" time="9.244"/>
</testsuite> <!-- register.TC_RF_003 -->
