<?xml version="1.0" encoding="UTF-8"?>
<!-- Generated by org.testng.reporters.JUnitReportReporter -->
<testsuite hostname="DESKTOP-88OBPND" failures="0" tests="1" name="register.TC_RF_009" time="13.404" errors="0" timestamp="2024-11-23T20:43:44 IST" skipped="0">
  <testcase classname="register.TC_RF_009" name="verifyRegisteringAccountUsingExistingDetails" time="13.404"/>
</testsuite> <!-- register.TC_RF_009 -->
