<?xml version="1.0" encoding="UTF-8"?>
<!-- Generated by org.testng.reporters.JUnitReportReporter -->
<testsuite hostname="DESKTOP-88OBPND" failures="0" tests="1" name="register.TC_RF_010" time="22.201" errors="0" timestamp="2024-11-23T23:18:49 IST" skipped="0">
  <testcase classname="register.TC_RF_010" name="registeringAnAccountWithInvalidEmailId" time="22.201"/>
</testsuite> <!-- register.TC_RF_010 -->
