<?xml version="1.0" encoding="UTF-8"?>
<!-- Generated by org.testng.reporters.JUnitReportReporter -->
<testsuite hostname="DESKTOP-88OBPND" failures="0" tests="1" name="register.TC_RF_005" time="16.049" errors="0" timestamp="2024-11-18T11:23:35 IST" skipped="0">
  <testcase classname="register.TC_RF_005" name="verifyRegisteringAccountUsingNewsletterAsYes" time="16.049"/>
</testsuite> <!-- register.TC_RF_005 -->
