<?xml version="1.0" encoding="UTF-8"?>
<!-- Generated by org.testng.reporters.JUnitReportReporter -->
<testsuite hostname="DESKTOP-88OBPND" failures="0" tests="1" name="register.TC_RF_003" time="16.147" errors="0" timestamp="2024-11-18T15:48:55 IST" skipped="0">
  <testcase classname="register.TC_RF_003" name="verifyRegistringAccountUsingAllFields" time="16.147"/>
</testsuite> <!-- register.TC_RF_003 -->
