<?xml version="1.0" encoding="UTF-8"?>
<!-- Generated by org.testng.reporters.JUnitReportReporter -->
<testsuite hostname="DESKTOP-88OBPND" failures="0" tests="1" name="register.TC_RF_006" time="18.740" errors="0" timestamp="2024-11-21T23:21:29 IST" skipped="0">
  <testcase classname="register.TC_RF_006" name="verifyRegisteringAccountWithNewsletterAsNo" time="18.740"/>
</testsuite> <!-- register.TC_RF_006 -->
