<?xml version="1.0" encoding="UTF-8"?>
<!-- Generated by org.testng.reporters.JUnitReportReporter -->
<testsuite hostname="DESKTOP-88OBPND" failures="0" tests="1" name="register.TC_RF_001" time="32.922" errors="0" timestamp="2024-11-15T08:18:00 IST" skipped="0">
  <testcase classname="register.TC_RF_001" name="verifyRegisterAccountUsingMandatoryFields" time="32.922"/>
</testsuite> <!-- register.TC_RF_001 -->
